<?xml version="1.0" encoding="UTF-8"?>
<testng-results skipped="0" failed="0" ignored="0" total="2" passed="2">
  <reporter-output>
  </reporter-output>
  <suite name="com.cucumber.RestAssured.RestAssuredTest" duration-ms="8812" started-at="2019-03-05T19:17:24Z" finished-at="2019-03-05T19:17:32Z">
    <groups>
    </groups>
    <test name="Command line test" duration-ms="8812" started-at="2019-03-05T19:17:24Z" finished-at="2019-03-05T19:17:32Z">
      <class name="com.cucumber.RestAssured.RestAssuredTest">
        <test-method status="PASS" signature="statusCodetest()[pri:0, instance:com.cucumber.RestAssured.RestAssuredTest@71be98f5]" name="statusCodetest" duration-ms="6038" started-at="2019-03-05T19:17:24Z" finished-at="2019-03-05T19:17:30Z">
          <reporter-output>
          </reporter-output>
        </test-method> <!-- statusCodetest -->
        <test-method status="PASS" signature="testhasItemsFunctions()[pri:0, instance:com.cucumber.RestAssured.RestAssuredTest@71be98f5]" name="testhasItemsFunctions" duration-ms="2661" started-at="2019-03-05T19:17:30Z" finished-at="2019-03-05T19:17:32Z">
          <reporter-output>
          </reporter-output>
        </test-method> <!-- testhasItemsFunctions -->
      </class> <!-- com.cucumber.RestAssured.RestAssuredTest -->
    </test> <!-- Command line test -->
  </suite> <!-- com.cucumber.RestAssured.RestAssuredTest -->
</testng-results>
