<?xml version="1.0" encoding="UTF-8"?>
<testng-results skipped="0" failed="0" ignored="0" total="1" passed="1">
  <reporter-output>
  </reporter-output>
  <suite name="Default suite" duration-ms="5630" started-at="2019-03-05T20:00:07Z" finished-at="2019-03-05T20:00:12Z">
    <groups>
    </groups>
    <test name="Default test" duration-ms="5630" started-at="2019-03-05T20:00:07Z" finished-at="2019-03-05T20:00:12Z">
      <class name="com.cucumber.RestAssured.RestAssuredReadResponsedifferentways">
        <test-method status="PASS" signature="testGetResponseAsString()[pri:0, instance:com.cucumber.RestAssured.RestAssuredReadResponsedifferentways@7823a2f9]" name="testGetResponseAsString" duration-ms="5536" started-at="2019-03-05T20:00:07Z" finished-at="2019-03-05T20:00:12Z">
          <reporter-output>
          </reporter-output>
        </test-method> <!-- testGetResponseAsString -->
      </class> <!-- com.cucumber.RestAssured.RestAssuredReadResponsedifferentways -->
    </test> <!-- Default test -->
  </suite> <!-- Default suite -->
</testng-results>
