<?xml version="1.0" encoding="UTF-8"?>
<!-- Generated by org.testng.reporters.JUnitXMLReporter -->
<testsuite hostname="MoulinaHazra" ignored="0" name="Command line test" tests="2" failures="0" timestamp="05 Mar 2019 19:17:33 GMT" time="8.812" errors="0">
  <testcase name="statusCodetest" time="6.038" classname="com.cucumber.RestAssured.RestAssuredTest"/>
  <testcase name="testhasItemsFunctions" time="2.661" classname="com.cucumber.RestAssured.RestAssuredTest"/>
</testsuite> <!-- Command line test -->
